<?xml version="1.0" encoding="UTF-8"?>
<testsuite xmlns:xsi="http://www.w3.org/2001/XMLSchema-instance" xsi:schemaLocation="https://maven.apache.org/surefire/maven-surefire-plugin/xsd/surefire-test-report.xsd" name="com.amtrak.AmtrakTest" time="182.405" tests="5" errors="0" skipped="0" failures="2">
  <properties>
[...]
</properties>
  <testcase name="WootPageTitle" classname="com.amtrak.AmtrakTest" time="11.997"/>
  <testcase name="WootPageTitle" classname="com.amtrak.AmtrakTest" time="121.118"/>
  <testcase name="WootPageTitle" classname="com.amtrak.AmtrakTest" time="123.324"/>
  <testcase name="WootPageTitle" classname="com.amtrak.AmtrakTest" time="181.929">
    <failure message="Could not start a new session. Possible causes are invalid address of the remote server or browser start-up failure." type="org.openqa.selenium.SessionNotCreatedException">org.openqa.selenium.SessionNotCreatedException: Could not start a new session. Possible causes are invalid address of the remote server or browser start-up failure.
	at com.amtrak.AmtrakTest.createDriver(AmtrakTest.java:91)
	at com.amtrak.AmtrakTest.WootPageTitle(AmtrakTest.java:129)
Caused by: org.openqa.selenium.TimeoutException: 
java.util.concurrent.TimeoutException
Build info: version: '4.1.1', revision: 'e8fcc2cecf'
System info: host: 'SL-2037', ip: '2603:9000:e800:bbd9:48bc:7dfa:107f:bde3%en0', os.name: 'Mac OS X', os.arch: 'x86_64', os.version: '10.16', java.version: '11.0.9'
Driver info: driver.version: RemoteWebDriver
	at com.amtrak.AmtrakTest.createDriver(AmtrakTest.java:91)
	at com.amtrak.AmtrakTest.WootPageTitle(AmtrakTest.java:129)
Caused by: java.util.concurrent.TimeoutException
	at com.amtrak.AmtrakTest.createDriver(AmtrakTest.java:91)
	at com.amtrak.AmtrakTest.WootPageTitle(AmtrakTest.java:129)
</failure>
  </testcase>
  <testcase name="tearDown" classname="com.amtrak.AmtrakTest" time="181.929">
    <failure type="java.lang.NullPointerException">java.lang.NullPointerException
	at com.amtrak.AmtrakTest.tearDown(AmtrakTest.java:113)
</failure>
  </testcase>
</testsuite>