<?xml version="1.0" encoding="UTF-8"?>
<testsuite xmlns:xsi="http://www.w3.org/2001/XMLSchema-instance" xsi:schemaLocation="https://maven.apache.org/surefire/maven-surefire-plugin/xsd/surefire-test-report.xsd" name="TestSuite" time="30.984" tests="2" errors="0" skipped="0" failures="1">
  <properties>
[...]
</properties>
  <testcase name="BBPageTitle" classname="com.bb.BBTest" time="10.397">
    <failure message="expected [Best Buy | Official Online Store | Shop Now &amp; Save] but found []" type="java.lang.AssertionError"><![CDATA[java.lang.AssertionError: expected [Best Buy | Official Online Store | Shop Now & Save] but found []
	at com.bb.BBTest.BBPageTitle(BBTest.java:155)
]]></failure>
    <system-out><![CDATA[SauceOnDemandSessionID=1c58442d0d8440b597a908860a270950 job-name=BBPageTitle
]]></system-out>
    <system-err><![CDATA[May 31, 2024 9:52:46 AM org.openqa.selenium.remote.tracing.opentelemetry.OpenTelemetryTracer createTracer
INFO: Using OpenTelemetry for tracing
SLF4J: No SLF4J providers were found.
SLF4J: Defaulting to no-operation (NOP) logger implementation
SLF4J: See https://www.slf4j.org/codes.html#noProviders for further details.
May 31, 2024 9:52:54 AM org.openqa.selenium.remote.ProtocolHandshake createSession
INFO: Detected dialect: OSS
]]></system-err>
  </testcase>
  <testcase name="WootPageTitle" classname="com.woot.WootTest" time="29.69"/>
</testsuite>